<?xml version="1.0" encoding="UTF-8"?>
<!-- Generated by org.testng.reporters.JUnitReportReporter -->
<testsuite skipped="0" hostname="DESKTOP-D1LENOH" name="Gaincare.gaincare_Test" tests="1" failures="0" timestamp="11 Jul 2023 04:53:02 GMT" time="28.774" errors="0">
  <testcase name="loginpage" time="28.774" classname="Gaincare.gaincare_Test"/>
</testsuite> <!-- Gaincare.gaincare_Test -->
